<?xml version='1.0' encoding='UTF-8'?>
<testsuite hostname="at-hp" name="TempConverterSpec" tests="1" errors="0" failures="0" skipped="0" time="0.012" timestamp="2019-06-08T08:25:27">
                     <properties>
[...]
</properties>
                     <testcase classname="TempConverterSpec" name="The Fahrenheit to Celsius converter should convert Fahrenheit to C" time="0.012">
                                                 
                                               </testcase>
                     <system-out><![CDATA[]]></system-out>
                     <system-err><![CDATA[]]></system-err>
                   </testsuite>